<?xml version="1.0" encoding="UTF-8"?>
<testng-results ignored="0" total="1" passed="1" failed="0" skipped="0">
  <reporter-output>
  </reporter-output>
  <suite started-at="2023-01-30T22:58:58 EST" name="Default suite" finished-at="2023-01-30T22:59:12 EST" duration-ms="14459">
    <groups>
      <group name="cucumber">
        <method signature="AbstractTestNGCucumberTests.feature(cucumber.api.testng.CucumberFeatureWrapper)[pri:0, instance:com.Ruunerpack.qa.DBRunnerClass@7e057f43]" name="feature" class="cucumber.api.testng.AbstractTestNGCucumberTests"/>
      </group> <!-- cucumber -->
    </groups>
    <test started-at="2023-01-30T22:58:58 EST" name="Default test" finished-at="2023-01-30T22:59:12 EST" duration-ms="14459">
      <class name="com.Ruunerpack.qa.DBRunnerClass">
        <test-method is-config="true" signature="startURL()[pri:0, instance:com.Ruunerpack.qa.DBRunnerClass@7e057f43]" started-at="2023-01-30T22:58:58 EST" name="startURL" finished-at="2023-01-30T22:59:01 EST" duration-ms="2810" status="PASS">
          <reporter-output>
          </reporter-output>
        </test-method> <!-- startURL -->
        <test-method is-config="true" signature="setUpClass()[pri:0, instance:com.Ruunerpack.qa.DBRunnerClass@7e057f43]" started-at="2023-01-30T22:59:01 EST" name="setUpClass" finished-at="2023-01-30T22:59:01 EST" duration-ms="181" status="PASS">
          <reporter-output>
          </reporter-output>
        </test-method> <!-- setUpClass -->
        <test-method signature="feature(cucumber.api.testng.CucumberFeatureWrapper)[pri:0, instance:com.Ruunerpack.qa.DBRunnerClass@7e057f43]" started-at="2023-01-30T22:59:01 EST" name="feature" description="Runs Cucumber Feature" data-provider="features" finished-at="2023-01-30T22:59:12 EST" duration-ms="10607" status="PASS">
          <params>
            <param index="0">
              <value>
                <![CDATA[This feature will cover all Log in page Creation features]]>
              </value>
            </param>
          </params>
          <reporter-output>
          </reporter-output>
        </test-method> <!-- feature -->
        <test-method is-config="true" signature="tearDownClass()[pri:0, instance:com.Ruunerpack.qa.DBRunnerClass@7e057f43]" started-at="2023-01-30T22:59:12 EST" name="tearDownClass" finished-at="2023-01-30T22:59:12 EST" duration-ms="20" status="PASS">
          <reporter-output>
          </reporter-output>
        </test-method> <!-- tearDownClass -->
        <test-method is-config="true" signature="closedURL()[pri:0, instance:com.Ruunerpack.qa.DBRunnerClass@7e057f43]" started-at="2023-01-30T22:59:12 EST" name="closedURL" finished-at="2023-01-30T22:59:12 EST" duration-ms="689" status="PASS">
          <reporter-output>
          </reporter-output>
        </test-method> <!-- closedURL -->
      </class> <!-- com.Ruunerpack.qa.DBRunnerClass -->
    </test> <!-- Default test -->
  </suite> <!-- Default suite -->
</testng-results>
